The target system is: Windows -  - 
The host system is: Linux - 3.2.0-23-generic-pae - i686
Compiling the C compiler identification source file "CMakeCCompilerId.c" succeeded.
Compiler: /usr/bin/i586-mingw32msvc-gcc 
Build flags: 
Id flags: 

The output was:
0


Compilation of the C compiler identification source "CMakeCCompilerId.c" produced "a.exe"

The C compiler identification is GNU, found in "/home/diego/src/minetest-irc/Build-i586-mingw32msvc/CMakeFiles/CompilerIdC/a.exe"

Determining if the C compiler works passed with the following output:
Change Dir: /home/diego/src/minetest-irc/Build-i586-mingw32msvc/CMakeFiles/CMakeTmp

Run Build Command:/usr/bin/make "cmTryCompileExec/fast"
/usr/bin/make -f CMakeFiles/cmTryCompileExec.dir/build.make CMakeFiles/cmTryCompileExec.dir/build
make[1]: se ingresa al directorio «/home/diego/src/minetest-irc/Build-i586-mingw32msvc/CMakeFiles/CMakeTmp»
/usr/bin/cmake -E cmake_progress_report /home/diego/src/minetest-irc/Build-i586-mingw32msvc/CMakeFiles/CMakeTmp/CMakeFiles 1
Building C object CMakeFiles/cmTryCompileExec.dir/testCCompiler.c.obj
/usr/bin/i586-mingw32msvc-gcc    -o CMakeFiles/cmTryCompileExec.dir/testCCompiler.c.obj   -c /home/diego/src/minetest-irc/Build-i586-mingw32msvc/CMakeFiles/CMakeTmp/testCCompiler.c
Linking C executable cmTryCompileExec.exe
/usr/bin/cmake -E cmake_link_script CMakeFiles/cmTryCompileExec.dir/link.txt --verbose=1
/usr/bin/cmake -E remove -f CMakeFiles/cmTryCompileExec.dir/objects.a
/usr/bin/i586-mingw32msvc-ar cr CMakeFiles/cmTryCompileExec.dir/objects.a @CMakeFiles/cmTryCompileExec.dir/objects1.rsp
/usr/bin/i586-mingw32msvc-gcc         -Wl,--whole-archive CMakeFiles/cmTryCompileExec.dir/objects.a -Wl,--no-whole-archive  -o cmTryCompileExec.exe -Wl,--out-implib,libcmTryCompileExec.dll.a -Wl,--major-image-version,0,--minor-image-version,0  -lkernel32 -luser32 -lgdi32 -lwinspool -lshell32 -lole32 -loleaut32 -luuid -lcomdlg32 -ladvapi32 
make[1]: se sale del directorio «/home/diego/src/minetest-irc/Build-i586-mingw32msvc/CMakeFiles/CMakeTmp»


Detecting C compiler ABI info compiled with the following output:
Change Dir: /home/diego/src/minetest-irc/Build-i586-mingw32msvc/CMakeFiles/CMakeTmp

Run Build Command:/usr/bin/make "cmTryCompileExec/fast"
/usr/bin/make -f CMakeFiles/cmTryCompileExec.dir/build.make CMakeFiles/cmTryCompileExec.dir/build
make[1]: se ingresa al directorio «/home/diego/src/minetest-irc/Build-i586-mingw32msvc/CMakeFiles/CMakeTmp»
/usr/bin/cmake -E cmake_progress_report /home/diego/src/minetest-irc/Build-i586-mingw32msvc/CMakeFiles/CMakeTmp/CMakeFiles 1
Building C object CMakeFiles/cmTryCompileExec.dir/CMakeCCompilerABI.c.obj
/usr/bin/i586-mingw32msvc-gcc    -o CMakeFiles/cmTryCompileExec.dir/CMakeCCompilerABI.c.obj   -c /usr/share/cmake-2.8/Modules/CMakeCCompilerABI.c
Linking C executable cmTryCompileExec.exe
/usr/bin/cmake -E cmake_link_script CMakeFiles/cmTryCompileExec.dir/link.txt --verbose=1
/usr/bin/cmake -E remove -f CMakeFiles/cmTryCompileExec.dir/objects.a
/usr/bin/i586-mingw32msvc-ar cr CMakeFiles/cmTryCompileExec.dir/objects.a @CMakeFiles/cmTryCompileExec.dir/objects1.rsp
/usr/bin/i586-mingw32msvc-gcc       -v -Wl,--whole-archive CMakeFiles/cmTryCompileExec.dir/objects.a -Wl,--no-whole-archive  -o cmTryCompileExec.exe -Wl,--out-implib,libcmTryCompileExec.dll.a -Wl,--major-image-version,0,--minor-image-version,0   
Using built-in specs.
Target: i586-mingw32msvc
Configured with: /build/buildd/mingw32-4.2.1.dfsg/build_dir/src/gcc-4.2.1-2-dfsg/configure -v --prefix=/usr --target=i586-mingw32msvc --enable-languages=c,c++ --enable-threads --enable-sjlj-exceptions --disable-multilib --enable-version-specific-runtime-libs
Thread model: win32
gcc version 4.2.1-sjlj (mingw32-2)
 /usr/libexec/gcc/i586-mingw32msvc/4.2.1-sjlj/collect2 -Bdynamic -o cmTryCompileExec.exe /usr/lib/gcc/i586-mingw32msvc/4.2.1-sjlj/../../../../i586-mingw32msvc/lib/crt2.o /usr/lib/gcc/i586-mingw32msvc/4.2.1-sjlj/crtbegin.o -L/usr/lib/gcc/i586-mingw32msvc/4.2.1-sjlj -L/usr/lib/gcc/i586-mingw32msvc/4.2.1-sjlj -L/usr/lib/gcc/i586-mingw32msvc/4.2.1-sjlj/../../../../i586-mingw32msvc/lib --whole-archive CMakeFiles/cmTryCompileExec.dir/objects.a --no-whole-archive --out-implib libcmTryCompileExec.dll.a --major-image-version 0 --minor-image-version 0 -lmingw32 -lgcc -lmoldname -lmingwex -lmsvcrt -luser32 -lkernel32 -ladvapi32 -lshell32 -lmingw32 -lgcc -lmoldname -lmingwex -lmsvcrt /usr/lib/gcc/i586-mingw32msvc/4.2.1-sjlj/crtend.o
make[1]: se sale del directorio «/home/diego/src/minetest-irc/Build-i586-mingw32msvc/CMakeFiles/CMakeTmp»


Parsed C implicit link information from above output:
  link line regex: [^( *|.*[/\])(i586-mingw32msvc-ld|ld|collect2)[^/\]*( |$)]
  ignore line: [Change Dir: /home/diego/src/minetest-irc/Build-i586-mingw32msvc/CMakeFiles/CMakeTmp]
  ignore line: []
  ignore line: [Run Build Command:/usr/bin/make "cmTryCompileExec/fast"]
  ignore line: [/usr/bin/make -f CMakeFiles/cmTryCompileExec.dir/build.make CMakeFiles/cmTryCompileExec.dir/build]
  ignore line: [make[1]: se ingresa al directorio «/home/diego/src/minetest-irc/Build-i586-mingw32msvc/CMakeFiles/CMakeTmp»]
  ignore line: [/usr/bin/cmake -E cmake_progress_report /home/diego/src/minetest-irc/Build-i586-mingw32msvc/CMakeFiles/CMakeTmp/CMakeFiles 1]
  ignore line: [Building C object CMakeFiles/cmTryCompileExec.dir/CMakeCCompilerABI.c.obj]
  ignore line: [/usr/bin/i586-mingw32msvc-gcc    -o CMakeFiles/cmTryCompileExec.dir/CMakeCCompilerABI.c.obj   -c /usr/share/cmake-2.8/Modules/CMakeCCompilerABI.c]
  ignore line: [Linking C executable cmTryCompileExec.exe]
  ignore line: [/usr/bin/cmake -E cmake_link_script CMakeFiles/cmTryCompileExec.dir/link.txt --verbose=1]
  ignore line: [/usr/bin/cmake -E remove -f CMakeFiles/cmTryCompileExec.dir/objects.a]
  ignore line: [/usr/bin/i586-mingw32msvc-ar cr CMakeFiles/cmTryCompileExec.dir/objects.a @CMakeFiles/cmTryCompileExec.dir/objects1.rsp]
  ignore line: [/usr/bin/i586-mingw32msvc-gcc       -v -Wl,--whole-archive CMakeFiles/cmTryCompileExec.dir/objects.a -Wl,--no-whole-archive  -o cmTryCompileExec.exe -Wl,--out-implib,libcmTryCompileExec.dll.a -Wl,--major-image-version,0,--minor-image-version,0   ]
  ignore line: [Using built-in specs.]
  ignore line: [Target: i586-mingw32msvc]
  ignore line: [Configured with: /build/buildd/mingw32-4.2.1.dfsg/build_dir/src/gcc-4.2.1-2-dfsg/configure -v --prefix=/usr --target=i586-mingw32msvc --enable-languages=c,c++ --enable-threads --enable-sjlj-exceptions --disable-multilib --enable-version-specific-runtime-libs]
  ignore line: [Thread model: win32]
  ignore line: [gcc version 4.2.1-sjlj (mingw32-2)]
  link line: [ /usr/libexec/gcc/i586-mingw32msvc/4.2.1-sjlj/collect2 -Bdynamic -o cmTryCompileExec.exe /usr/lib/gcc/i586-mingw32msvc/4.2.1-sjlj/../../../../i586-mingw32msvc/lib/crt2.o /usr/lib/gcc/i586-mingw32msvc/4.2.1-sjlj/crtbegin.o -L/usr/lib/gcc/i586-mingw32msvc/4.2.1-sjlj -L/usr/lib/gcc/i586-mingw32msvc/4.2.1-sjlj -L/usr/lib/gcc/i586-mingw32msvc/4.2.1-sjlj/../../../../i586-mingw32msvc/lib --whole-archive CMakeFiles/cmTryCompileExec.dir/objects.a --no-whole-archive --out-implib libcmTryCompileExec.dll.a --major-image-version 0 --minor-image-version 0 -lmingw32 -lgcc -lmoldname -lmingwex -lmsvcrt -luser32 -lkernel32 -ladvapi32 -lshell32 -lmingw32 -lgcc -lmoldname -lmingwex -lmsvcrt /usr/lib/gcc/i586-mingw32msvc/4.2.1-sjlj/crtend.o]
    arg [/usr/libexec/gcc/i586-mingw32msvc/4.2.1-sjlj/collect2] ==> ignore
    arg [-Bdynamic] ==> ignore
    arg [-o] ==> ignore
    arg [cmTryCompileExec.exe] ==> ignore
    arg [/usr/lib/gcc/i586-mingw32msvc/4.2.1-sjlj/../../../../i586-mingw32msvc/lib/crt2.o] ==> ignore
    arg [/usr/lib/gcc/i586-mingw32msvc/4.2.1-sjlj/crtbegin.o] ==> ignore
    arg [-L/usr/lib/gcc/i586-mingw32msvc/4.2.1-sjlj] ==> dir [/usr/lib/gcc/i586-mingw32msvc/4.2.1-sjlj]
    arg [-L/usr/lib/gcc/i586-mingw32msvc/4.2.1-sjlj] ==> dir [/usr/lib/gcc/i586-mingw32msvc/4.2.1-sjlj]
    arg [-L/usr/lib/gcc/i586-mingw32msvc/4.2.1-sjlj/../../../../i586-mingw32msvc/lib] ==> dir [/usr/lib/gcc/i586-mingw32msvc/4.2.1-sjlj/../../../../i586-mingw32msvc/lib]
    arg [--whole-archive] ==> ignore
    arg [CMakeFiles/cmTryCompileExec.dir/objects.a] ==> ignore
    arg [--no-whole-archive] ==> ignore
    arg [--out-implib] ==> ignore
    arg [libcmTryCompileExec.dll.a] ==> ignore
    arg [--major-image-version] ==> ignore
    arg [0] ==> ignore
    arg [--minor-image-version] ==> ignore
    arg [0] ==> ignore
    arg [-lmingw32] ==> lib [mingw32]
    arg [-lgcc] ==> lib [gcc]
    arg [-lmoldname] ==> lib [moldname]
    arg [-lmingwex] ==> lib [mingwex]
    arg [-lmsvcrt] ==> lib [msvcrt]
    arg [-luser32] ==> lib [user32]
    arg [-lkernel32] ==> lib [kernel32]
    arg [-ladvapi32] ==> lib [advapi32]
    arg [-lshell32] ==> lib [shell32]
    arg [-lmingw32] ==> lib [mingw32]
    arg [-lgcc] ==> lib [gcc]
    arg [-lmoldname] ==> lib [moldname]
    arg [-lmingwex] ==> lib [mingwex]
    arg [-lmsvcrt] ==> lib [msvcrt]
    arg [/usr/lib/gcc/i586-mingw32msvc/4.2.1-sjlj/crtend.o] ==> ignore
  remove lib [gcc]
  remove lib [gcc]
  collapse dir [/usr/lib/gcc/i586-mingw32msvc/4.2.1-sjlj] ==> [/usr/lib/gcc/i586-mingw32msvc/4.2.1-sjlj]
  collapse dir [/usr/lib/gcc/i586-mingw32msvc/4.2.1-sjlj] ==> [/usr/lib/gcc/i586-mingw32msvc/4.2.1-sjlj]
  collapse dir [/usr/lib/gcc/i586-mingw32msvc/4.2.1-sjlj/../../../../i586-mingw32msvc/lib] ==> [/usr/i586-mingw32msvc/lib]
  implicit libs: [mingw32;moldname;mingwex;msvcrt;user32;kernel32;advapi32;shell32;mingw32;moldname;mingwex;msvcrt]
  implicit dirs: [/usr/lib/gcc/i586-mingw32msvc/4.2.1-sjlj;/usr/i586-mingw32msvc/lib]


